[+] Containers:
 |- [+] Container: /Game/ThirdPerson/Maps/ThirdPersonMap
 |   |- [+] ActorDescs:
 |   |   |- Guid:097BE91F458A63366C549F805C098B8C BaseClass: NativeClass:/Script/Landscape.LandscapeStreamingProxy Name:LandscapeStreamingProxy_1US3J85422270CX6Z2NLZ04QG_62_0_1_0 Label:LandscapeStreamingProxy_0_1_0 SpatiallyLoaded:1 Bounds:IsValid=true, Min=(X=-9300.000 Y=-3100.000 Z=744.844), Max=(X=-3100.000 Y=3100.000 Z=4019.062) RuntimeGrid:None EditorOnly:0 RuntimeOnly:0 HLODRelevant:1
 |   |   |- Guid:127817E84BB355CCB5B8C082214BAACB BaseClass: NativeClass:/Script/Engine.StaticMeshActor Name:StaticMeshActor_UAID_E4B97A0AAE5AEFA701_1518549589 Label:Cube20 SpatiallyLoaded:1 Bounds:IsValid=true, Min=(X=3713.457 Y=2104.852 Z=3707.500), Max=(X=4046.543 Y=2235.148 Z=3732.500) RuntimeGrid:None EditorOnly:0 RuntimeOnly:0 HLODRelevant:1
 |   |   |- Guid:25FE59BE48C5585D5B07D9A1C52EB330 BaseClass: NativeClass:/Script/Engine.StaticMeshActor Name:StaticMeshActor_UAID_E4B97A0AAE5AEDA701_1951039229 Label:Cube12 SpatiallyLoaded:1 Bounds:IsValid=true, Min=(X=4630.000 Y=-7145.000 Z=3007.500), Max=(X=4830.000 Y=-6995.000 Z=3032.500) RuntimeGrid:None EditorOnly:0 RuntimeOnly:0 HLODRelevant:1
 |   |   |- Guid:260657E247D5DBFD26E0DA8CE2B0A477 BaseClass: NativeClass:/Script/Engine.StaticMeshActor Name:StaticMeshActor_UAID_D8BBC14CC4FEE2A701_2106326288 Label:Cube2 SpatiallyLoaded:1 Bounds:IsValid=true, Min=(X=6357.500 Y=-8452.500 Z=2637.500), Max=(X=6682.500 Y=-8127.500 Z=2962.500) RuntimeGrid:None EditorOnly:0 RuntimeOnly:0 HLODRelevant:1
 |   |   |- Guid:2B0E45F448291DB284002BA53AC30D99 BaseClass: NativeClass:/Script/Landscape.LandscapeStreamingProxy Name:LandscapeStreamingProxy_1US3J85422270CX6Z2NLZ04QG_62_1_2_0 Label:LandscapeStreamingProxy_1_2_0 SpatiallyLoaded:1 Bounds:IsValid=true, Min=(X=-3100.000 Y=3100.000 Z=2986.250), Max=(X=3100.000 Y=9300.000 Z=5308.125) RuntimeGrid:None EditorOnly:0 RuntimeOnly:0 HLODRelevant:1
 |   |   |- Guid:2C4707B7407772DC3009CFAEC3871E2C BaseClass: NativeClass:/Script/Engine.StaticMeshActor Name:StaticMeshActor_UAID_D8BBC14CC4FEE2A701_2141387290 Label:Cube4 SpatiallyLoaded:1 Bounds:IsValid=true, Min=(X=7477.500 Y=-3402.500 Z=2807.500), Max=(X=7802.500 Y=-3077.500 Z=3132.500) RuntimeGrid:None EditorOnly:0 RuntimeOnly:0 HLODRelevant:1
 |   |   |- Guid:2FB58999456391D349DC0F86DAC136ED BaseClass: NativeClass:/Script/Engine.SkyLight Name:SkyLight_1 Label:SkyLight SpatiallyLoaded:0 Bounds:IsValid=true, Min=(X=0.000 Y=0.000 Z=690.000), Max=(X=0.000 Y=0.000 Z=690.000) RuntimeGrid:None EditorOnly:0 RuntimeOnly:0 HLODRelevant:0 FolderPath:Lighting FolderGuid:963EC3EB4002CCE9759E2EBA541A873A
 |   |   |- Guid:316CF2A6494ACA4C0E4180A87D36AB8F BaseClass: NativeClass:/Script/Engine.ExponentialHeightFog Name:ExponentialHeightFog_0 Label:ExponentialHeightFog SpatiallyLoaded:0 Bounds:IsValid=true, Min=(X=-5600.000 Y=-50.000 Z=-6850.000), Max=(X=-5600.000 Y=-50.000 Z=-6850.000) RuntimeGrid:None EditorOnly:0 RuntimeOnly:0 HLODRelevant:0 FolderPath:Lighting FolderGuid:963EC3EB4002CCE9759E2EBA541A873A
 |   |   |- Guid:37AC544046B84930345B4FA2E81B291D BaseClass: NativeClass:/Script/Engine.StaticMeshActor Name:StaticMeshActor_UAID_E4B97A0AAE5AEFA701_1351208587 Label:Cube18 SpatiallyLoaded:1 Bounds:IsValid=true, Min=(X=4002.500 Y=2632.500 Z=3687.500), Max=(X=4077.500 Y=2707.500 Z=3712.500) RuntimeGrid:None EditorOnly:0 RuntimeOnly:0 HLODRelevant:1
 |   |   |- Guid:3A00AA1C422CE54C0BDB60BAF471BFBB BaseClass: NativeClass:/Script/Engine.PlayerStart Name:PlayerStart_0 Label:PlayerStart SpatiallyLoaded:0 Bounds:IsValid=true, Min=(X=4000.000 Y=3650.000 Z=3970.013), Max=(X=4080.000 Y=3730.000 Z=4154.013) RuntimeGrid:None EditorOnly:0 RuntimeOnly:0 HLODRelevant:0
 |   |   |- Guid:43DD1A55437D7EB05F98F09CC1A74C8E BaseClass: NativeClass:/Script/Engine.StaticMeshActor Name:StaticMeshActor_UAID_D8BBC14CC4FEE2A701_2124809289 Label:Cube3 SpatiallyLoaded:1 Bounds:IsValid=true, Min=(X=3237.500 Y=-3512.500 Z=3127.500), Max=(X=3562.500 Y=-3187.500 Z=3452.500) RuntimeGrid:None EditorOnly:0 RuntimeOnly:0 HLODRelevant:1
 |   |   |- Guid:461B561F4F14F701266EF98F7DD30C37 BaseClass: NativeClass:/Script/Engine.StaticMeshActor Name:StaticMeshActor_UAID_E4B97A0AAE5AEFA701_1323120586 Label:Cube17 SpatiallyLoaded:1 Bounds:IsValid=true, Min=(X=4002.500 Y=2747.500 Z=3647.500), Max=(X=4077.500 Y=3072.500 Z=3672.500) RuntimeGrid:None EditorOnly:0 RuntimeOnly:0 HLODRelevant:1
 |   |   |- Guid:4D3BE93F4146AAAC8BBE79999D96D57F BaseClass: NativeClass:/Script/Engine.VolumetricCloud Name:VolumetricCloud_0 Label:VolumetricCloud SpatiallyLoaded:0 Bounds:IsValid=true, Min=(X=0.000 Y=0.000 Z=820.000), Max=(X=0.000 Y=0.000 Z=820.000) RuntimeGrid:None EditorOnly:0 RuntimeOnly:0 HLODRelevant:0 FolderPath:Lighting FolderGuid:963EC3EB4002CCE9759E2EBA541A873A
 |   |   |- Guid:57135391406D9763B4BD8EA9D8FE729B BaseClass: NativeClass:/Script/Engine.StaticMeshActor Name:StaticMeshActor_UAID_E4B97A0AAE5AEFA701_1279796585 Label:Cube16 SpatiallyLoaded:1 Bounds:IsValid=true, Min=(X=4002.500 Y=3202.500 Z=3637.500), Max=(X=4077.500 Y=3277.500 Z=3662.500) RuntimeGrid:None EditorOnly:0 RuntimeOnly:0 HLODRelevant:1
 |   |   |- Guid:5D0988E4467A94AC868B1AAB65D70679 BaseClass: NativeClass:/Script/Engine.StaticMeshActor Name:StaticMeshActor_UAID_D8BBC14CC4FEE3A701_1099175468 Label:Cube6 SpatiallyLoaded:1 Bounds:IsValid=true, Min=(X=7087.500 Y=7207.500 Z=3847.500), Max=(X=7412.500 Y=7532.500 Z=4172.500) RuntimeGrid:None EditorOnly:0 RuntimeOnly:0 HLODRelevant:1
 |   |   |- Guid:5D71A987465BD15F77F73D84216E350E BaseClass: NativeClass:/Script/Engine.StaticMeshActor Name:StaticMeshActor_UAID_E4B97A0AAE5AEDA701_2096923231 Label:Cube14 SpatiallyLoaded:1 Bounds:IsValid=true, Min=(X=4397.500 Y=-7095.000 Z=3157.500), Max=(X=4422.500 Y=-7045.000 Z=3182.500) RuntimeGrid:None EditorOnly:0 RuntimeOnly:0 HLODRelevant:1
 |   |   |- Guid:6BAF4DDD444C60371492D3919DB42C97 BaseClass: NativeClass:/Script/Engine.WorldDataLayers Name:WorldDataLayers Label:WorldDataLayers SpatiallyLoaded:0 Bounds:IsValid=true, Min=(X=0.000 Y=0.000 Z=0.000), Max=(X=0.000 Y=0.000 Z=0.000) RuntimeGrid:None EditorOnly:0 RuntimeOnly:0 HLODRelevant:0
 |   |   |- Guid:815A3F5F4AF622008E780E94BD18E140 BaseClass: NativeClass:/Script/Engine.StaticMeshActor Name:StaticMeshActor_UAID_D8BBC14CC4FEE3A701_1215482470 Label:Cube8 SpatiallyLoaded:1 Bounds:IsValid=true, Min=(X=-6200.000 Y=5887.500 Z=4002.500), Max=(X=-5900.000 Y=6212.500 Z=4577.500) RuntimeGrid:None EditorOnly:0 RuntimeOnly:0 HLODRelevant:1
 |   |   |- Guid:899BC6004A8E690BDF8C269404CC4B34 BaseClass: NativeClass:/Script/Engine.StaticMeshActor Name:StaticMeshActor_UAID_E4B97A0AAE5AEFA701_1238925584 Label:Cube15 SpatiallyLoaded:1 Bounds:IsValid=true, Min=(X=4002.500 Y=3092.500 Z=3647.500), Max=(X=4077.500 Y=3167.500 Z=3672.500) RuntimeGrid:None EditorOnly:0 RuntimeOnly:0 HLODRelevant:1
 |   |   |- Guid:90D67E534342F402E6A1D593FD18C30E BaseClass: NativeClass:/Script/Engine.StaticMeshActor Name:StaticMeshActor_UAID_D8BBC14CC4FEE3A701_1154822469 Label:Cube7 SpatiallyLoaded:1 Bounds:IsValid=true, Min=(X=5872.500 Y=60.308 Z=2673.699), Max=(X=6547.500 Y=2539.692 Z=3206.301) RuntimeGrid:None EditorOnly:0 RuntimeOnly:0 HLODRelevant:1
 |   |   |- Guid:98684C2B41F62A06E3706BBEA725459E BaseClass: NativeClass:/Script/Engine.StaticMeshActor Name:StaticMeshActor_UAID_E4B97A0AAE5AEFA701_1361663588 Label:Cube19 SpatiallyLoaded:1 Bounds:IsValid=true, Min=(X=4002.500 Y=2267.500 Z=3707.500), Max=(X=4077.500 Y=2592.500 Z=3732.500) RuntimeGrid:None EditorOnly:0 RuntimeOnly:0 HLODRelevant:1
 |   |   |- Guid:9A9CE2DF4F67F4E496C27FB1FD4898EF BaseClass: NativeClass:/Script/Landscape.LandscapeStreamingProxy Name:LandscapeStreamingProxy_1US3J85422270CX6Z2NLZ04QG_62_0_2_0 Label:LandscapeStreamingProxy_0_2_0 SpatiallyLoaded:1 Bounds:IsValid=true, Min=(X=-9300.000 Y=3100.000 Z=2262.812), Max=(X=-3100.000 Y=9300.000 Z=5308.906) RuntimeGrid:None EditorOnly:0 RuntimeOnly:0 HLODRelevant:1
 |   |   |- Guid:9F85502B4DC7C17779861D951ACAFA59 BaseClass: NativeClass:/Script/Engine.StaticMeshActor Name:StaticMeshActor_UAID_D8BBC14CC4FEE3A701_1084037467 Label:Cube5 SpatiallyLoaded:1 Bounds:IsValid=true, Min=(X=2547.500 Y=-8242.500 Z=2807.500), Max=(X=2872.500 Y=-7917.500 Z=3132.500) RuntimeGrid:None EditorOnly:0 RuntimeOnly:0 HLODRelevant:1
 |   |   |- Guid:9FE6C54C411141A4D4E00491FB45EBEB BaseClass: NativeClass:/Script/Engine.StaticMeshActor Name:StaticMeshActor_UAID_E4B97A0AAE5AECA701_1410280047 Label:Cube9 SpatiallyLoaded:1 Bounds:IsValid=true, Min=(X=5330.000 Y=-6965.000 Z=2927.500), Max=(X=5530.000 Y=-6815.000 Z=2952.500) RuntimeGrid:None EditorOnly:0 RuntimeOnly:0 HLODRelevant:1
 |   |   |- Guid:A1FBC1DB499106A97F367EA00C7EA6FF BaseClass: NativeClass:/Script/Engine.StaticMeshActor Name:StaticMeshActor_UAID_D8BBC14CC4FEE2A701_1784102287 Label:Cube SpatiallyLoaded:1 Bounds:IsValid=true, Min=(X=-7582.500 Y=-6917.500 Z=2977.500), Max=(X=-7157.500 Y=-5742.500 Z=3502.500) RuntimeGrid:None EditorOnly:0 RuntimeOnly:0 HLODRelevant:1
 |   |   |- Guid:B2EFDC454E5468EFB9243D8CB05811D7 BaseClass: NativeClass:/Script/Landscape.Landscape Name:Landscape_UAID_E4B97A0AAE5ACDA701_1633537591 Label:Landscape SpatiallyLoaded:0 Bounds:IsValid=true, Min=(X=-9300.000 Y=-9300.000 Z=22930.000), Max=(X=-9300.000 Y=-9300.000 Z=22930.000) RuntimeGrid:None EditorOnly:0 RuntimeOnly:0 HLODRelevant:0
 |   |   |- Guid:B785ED2844B84CFB91E7F39FE661CD99 BaseClass: NativeClass:/Script/Engine.DirectionalLight Name:DirectionalLight_0 Label:DirectionalLight SpatiallyLoaded:0 Bounds:IsValid=true, Min=(X=-1048576.000 Y=-1048576.000 Z=-1048576.000), Max=(X=1048576.000 Y=1048576.000 Z=1048576.000) RuntimeGrid:None EditorOnly:0 RuntimeOnly:0 HLODRelevant:0 FolderPath:Lighting FolderGuid:963EC3EB4002CCE9759E2EBA541A873A
 |   |   |- Guid:B868BABD486A53D9AF37B5A9EC766B7F BaseClass: NativeClass:/Script/Landscape.LandscapeStreamingProxy Name:LandscapeStreamingProxy_1US3J85422270CX6Z2NLZ04QG_62_2_2_0 Label:LandscapeStreamingProxy_2_2_0 SpatiallyLoaded:1 Bounds:IsValid=true, Min=(X=3100.000 Y=3100.000 Z=2200.312), Max=(X=9300.000 Y=9300.000 Z=5516.719) RuntimeGrid:None EditorOnly:0 RuntimeOnly:0 HLODRelevant:1
 |   |   |- Guid:B97E9823432777B038C4E89B2DFFCF43 BaseClass: NativeClass:/Script/Landscape.LandscapeStreamingProxy Name:LandscapeStreamingProxy_1US3J85422270CX6Z2NLZ04QG_62_2_1_0 Label:LandscapeStreamingProxy_2_1_0 SpatiallyLoaded:1 Bounds:IsValid=true, Min=(X=3100.000 Y=-3100.000 Z=785.469), Max=(X=9300.000 Y=3100.000 Z=3705.781) RuntimeGrid:None EditorOnly:0 RuntimeOnly:0 HLODRelevant:1
 |   |   |- Guid:BFBCDAEA4192166023AED6835D43BFD8 BaseClass: NativeClass:/Script/Landscape.LandscapeStreamingProxy Name:LandscapeStreamingProxy_1US3J85422270CX6Z2NLZ04QG_62_1_0_0 Label:LandscapeStreamingProxy_1_0_0 SpatiallyLoaded:1 Bounds:IsValid=true, Min=(X=-3100.000 Y=-9300.000 Z=2367.500), Max=(X=3100.000 Y=-3100.000 Z=5178.438) RuntimeGrid:None EditorOnly:0 RuntimeOnly:0 HLODRelevant:1
 |   |   |- Guid:CCFF262C46EEFFDF319E7F9539CE697E BaseClass: NativeClass:/Script/Engine.SkyAtmosphere Name:SkyAtmosphere_0 Label:SkyAtmosphere SpatiallyLoaded:0 Bounds:IsValid=true, Min=(X=0.000 Y=0.000 Z=1020.000), Max=(X=0.000 Y=0.000 Z=1020.000) RuntimeGrid:None EditorOnly:0 RuntimeOnly:0 HLODRelevant:0 FolderPath:Lighting FolderGuid:963EC3EB4002CCE9759E2EBA541A873A
 |   |   |- Guid:D84FFBB34C76CC8BE8A0D18931FC91C8 BaseClass: NativeClass:/Script/Landscape.LandscapeStreamingProxy Name:LandscapeStreamingProxy_1US3J85422270CX6Z2NLZ04QG_62_0_0_0 Label:LandscapeStreamingProxy_0_0_0 SpatiallyLoaded:1 Bounds:IsValid=true, Min=(X=-9300.000 Y=-9300.000 Z=2119.844), Max=(X=-3100.000 Y=-3100.000 Z=3611.250) RuntimeGrid:None EditorOnly:0 RuntimeOnly:0 HLODRelevant:1
 |   |   |- Guid:EC4E0C944CE6AC6E784BC6BB2916EA13 BaseClass: NativeClass:/Script/Engine.StaticMeshActor Name:StaticMeshActor_UAID_A4AE111137DC5EFB00_1110535423 Label:SM_SkySphere SpatiallyLoaded:0 Bounds:IsValid=true, Min=(X=-1638400.000 Y=-1638400.000 Z=-1638400.000), Max=(X=1638400.000 Y=1638400.000 Z=1638400.000) RuntimeGrid:None EditorOnly:0 RuntimeOnly:0 HLODRelevant:1 FolderPath:Lighting FolderGuid:963EC3EB4002CCE9759E2EBA541A873A
 |   |   |- Guid:EF3BF5554BAD39A7BAE99A8A3D15B997 BaseClass: NativeClass:/Script/Landscape.LandscapeStreamingProxy Name:LandscapeStreamingProxy_1US3J85422270CX6Z2NLZ04QG_62_2_0_0 Label:LandscapeStreamingProxy_2_0_0 SpatiallyLoaded:1 Bounds:IsValid=true, Min=(X=3100.000 Y=-9300.000 Z=2543.281), Max=(X=9300.000 Y=-3100.000 Z=4355.781) RuntimeGrid:None EditorOnly:0 RuntimeOnly:0 HLODRelevant:1
 |   |   |- Guid:F1924B8D48954B30891B2DB6A694F9CC BaseClass: NativeClass:/Script/Engine.StaticMeshActor Name:StaticMeshActor_1 Label:SM_Cube SpatiallyLoaded:1 Bounds:IsValid=true, Min=(X=0.000 Y=0.000 Z=-50.000), Max=(X=3000.000 Y=3500.000 Z=0.000) RuntimeGrid:None EditorOnly:0 RuntimeOnly:0 HLODRelevant:1 FolderPath:Playground FolderGuid:C73F09FC4215536B1DCE2A9E0A830C70
 |   |   |- Guid:F55A38AA46A38C37453CDAA2C91D3B78 BaseClass: NativeClass:/Script/Engine.StaticMeshActor Name:StaticMeshActor_UAID_E4B97A0AAE5AEDA701_2090117230 Label:Cube13 SpatiallyLoaded:1 Bounds:IsValid=true, Min=(X=4380.000 Y=-7145.000 Z=3057.500), Max=(X=4580.000 Y=-6995.000 Z=3082.500) RuntimeGrid:None EditorOnly:0 RuntimeOnly:0 HLODRelevant:1
 |   |   |- Guid:F5E3FEB3450C49844FD93DA8E083C8AD BaseClass: NativeClass:/Script/Engine.PostProcessVolume Name:PostProcessVolume_0 Label:PostProcessVolume SpatiallyLoaded:0 Bounds:IsValid=true, Min=(X=0.000 Y=0.000 Z=400.000), Max=(X=200.000 Y=200.000 Z=600.000) RuntimeGrid:None EditorOnly:0 RuntimeOnly:0 HLODRelevant:0 FolderPath:Lighting FolderGuid:963EC3EB4002CCE9759E2EBA541A873A
 |   |   |- Guid:F77A6D2E4CC4DF9C648D05BA1EB975DD BaseClass: NativeClass:/Script/Engine.StaticMeshActor Name:StaticMeshActor_UAID_E4B97A0AAE5AEDA701_1929914227 Label:Cube10 SpatiallyLoaded:1 Bounds:IsValid=true, Min=(X=5330.000 Y=-7145.000 Z=2977.500), Max=(X=5530.000 Y=-6995.000 Z=3002.500) RuntimeGrid:None EditorOnly:0 RuntimeOnly:0 HLODRelevant:1
 |   |   |- Guid:FACCAFE540F46867A0E383B5C16C4E13 BaseClass: NativeClass:/Script/Landscape.LandscapeStreamingProxy Name:LandscapeStreamingProxy_1US3J85422270CX6Z2NLZ04QG_62_1_1_0 Label:LandscapeStreamingProxy_1_1_0 SpatiallyLoaded:1 Bounds:IsValid=true, Min=(X=-3100.000 Y=-3100.000 Z=896.406), Max=(X=3100.000 Y=3100.000 Z=4270.625) RuntimeGrid:None EditorOnly:0 RuntimeOnly:0 HLODRelevant:1
 |   |   |- Guid:FDC67FED42D76ECB9CC5B4B9B1A85E71 BaseClass: NativeClass:/Script/Engine.StaticMeshActor Name:StaticMeshActor_UAID_E4B97A0AAE5AEDA701_1944160228 Label:Cube11 SpatiallyLoaded:1 Bounds:IsValid=true, Min=(X=4960.000 Y=-7145.000 Z=2977.500), Max=(X=5160.000 Y=-6995.000 Z=3002.500) RuntimeGrid:None EditorOnly:0 RuntimeOnly:0 HLODRelevant:1
 |   |- [+] Clusters:
 |   |   |- [+] [  0]
 |   |   |   |- Guid:6BAF4DDD444C60371492D3919DB42C97 BaseClass: NativeClass:/Script/Engine.WorldDataLayers Name:WorldDataLayers Label:WorldDataLayers SpatiallyLoaded:0 Bounds:IsValid=true, Min=(X=0.000 Y=0.000 Z=0.000), Max=(X=0.000 Y=0.000 Z=0.000) RuntimeGrid:None EditorOnly:0 RuntimeOnly:0 HLODRelevant:0
 |   |   |- [+] [  1]
 |   |   |   |- Guid:F5E3FEB3450C49844FD93DA8E083C8AD BaseClass: NativeClass:/Script/Engine.PostProcessVolume Name:PostProcessVolume_0 Label:PostProcessVolume SpatiallyLoaded:0 Bounds:IsValid=true, Min=(X=0.000 Y=0.000 Z=400.000), Max=(X=200.000 Y=200.000 Z=600.000) RuntimeGrid:None EditorOnly:0 RuntimeOnly:0 HLODRelevant:0 FolderPath:Lighting FolderGuid:963EC3EB4002CCE9759E2EBA541A873A
 |   |   |- [+] [  2]
 |   |   |   |- Guid:B2EFDC454E5468EFB9243D8CB05811D7 BaseClass: NativeClass:/Script/Landscape.Landscape Name:Landscape_UAID_E4B97A0AAE5ACDA701_1633537591 Label:Landscape SpatiallyLoaded:0 Bounds:IsValid=true, Min=(X=-9300.000 Y=-9300.000 Z=22930.000), Max=(X=-9300.000 Y=-9300.000 Z=22930.000) RuntimeGrid:None EditorOnly:0 RuntimeOnly:0 HLODRelevant:0
 |   |   |- [+] [  3]
 |   |   |   |- Guid:097BE91F458A63366C549F805C098B8C BaseClass: NativeClass:/Script/Landscape.LandscapeStreamingProxy Name:LandscapeStreamingProxy_1US3J85422270CX6Z2NLZ04QG_62_0_1_0 Label:LandscapeStreamingProxy_0_1_0 SpatiallyLoaded:1 Bounds:IsValid=true, Min=(X=-9300.000 Y=-3100.000 Z=744.844), Max=(X=-3100.000 Y=3100.000 Z=4019.062) RuntimeGrid:None EditorOnly:0 RuntimeOnly:0 HLODRelevant:1
 |   |   |- [+] [  4]
 |   |   |   |- Guid:815A3F5F4AF622008E780E94BD18E140 BaseClass: NativeClass:/Script/Engine.StaticMeshActor Name:StaticMeshActor_UAID_D8BBC14CC4FEE3A701_1215482470 Label:Cube8 SpatiallyLoaded:1 Bounds:IsValid=true, Min=(X=-6200.000 Y=5887.500 Z=4002.500), Max=(X=-5900.000 Y=6212.500 Z=4577.500) RuntimeGrid:None EditorOnly:0 RuntimeOnly:0 HLODRelevant:1
 |   |   |- [+] [  5]
 |   |   |   |- Guid:FACCAFE540F46867A0E383B5C16C4E13 BaseClass: NativeClass:/Script/Landscape.LandscapeStreamingProxy Name:LandscapeStreamingProxy_1US3J85422270CX6Z2NLZ04QG_62_1_1_0 Label:LandscapeStreamingProxy_1_1_0 SpatiallyLoaded:1 Bounds:IsValid=true, Min=(X=-3100.000 Y=-3100.000 Z=896.406), Max=(X=3100.000 Y=3100.000 Z=4270.625) RuntimeGrid:None EditorOnly:0 RuntimeOnly:0 HLODRelevant:1
 |   |   |- [+] [  6]
 |   |   |   |- Guid:4D3BE93F4146AAAC8BBE79999D96D57F BaseClass: NativeClass:/Script/Engine.VolumetricCloud Name:VolumetricCloud_0 Label:VolumetricCloud SpatiallyLoaded:0 Bounds:IsValid=true, Min=(X=0.000 Y=0.000 Z=820.000), Max=(X=0.000 Y=0.000 Z=820.000) RuntimeGrid:None EditorOnly:0 RuntimeOnly:0 HLODRelevant:0 FolderPath:Lighting FolderGuid:963EC3EB4002CCE9759E2EBA541A873A
 |   |   |- [+] [  7]
 |   |   |   |- Guid:CCFF262C46EEFFDF319E7F9539CE697E BaseClass: NativeClass:/Script/Engine.SkyAtmosphere Name:SkyAtmosphere_0 Label:SkyAtmosphere SpatiallyLoaded:0 Bounds:IsValid=true, Min=(X=0.000 Y=0.000 Z=1020.000), Max=(X=0.000 Y=0.000 Z=1020.000) RuntimeGrid:None EditorOnly:0 RuntimeOnly:0 HLODRelevant:0 FolderPath:Lighting FolderGuid:963EC3EB4002CCE9759E2EBA541A873A
 |   |   |- [+] [  8]
 |   |   |   |- Guid:EC4E0C944CE6AC6E784BC6BB2916EA13 BaseClass: NativeClass:/Script/Engine.StaticMeshActor Name:StaticMeshActor_UAID_A4AE111137DC5EFB00_1110535423 Label:SM_SkySphere SpatiallyLoaded:0 Bounds:IsValid=true, Min=(X=-1638400.000 Y=-1638400.000 Z=-1638400.000), Max=(X=1638400.000 Y=1638400.000 Z=1638400.000) RuntimeGrid:None EditorOnly:0 RuntimeOnly:0 HLODRelevant:1 FolderPath:Lighting FolderGuid:963EC3EB4002CCE9759E2EBA541A873A
 |   |   |- [+] [  9]
 |   |   |   |- Guid:BFBCDAEA4192166023AED6835D43BFD8 BaseClass: NativeClass:/Script/Landscape.LandscapeStreamingProxy Name:LandscapeStreamingProxy_1US3J85422270CX6Z2NLZ04QG_62_1_0_0 Label:LandscapeStreamingProxy_1_0_0 SpatiallyLoaded:1 Bounds:IsValid=true, Min=(X=-3100.000 Y=-9300.000 Z=2367.500), Max=(X=3100.000 Y=-3100.000 Z=5178.438) RuntimeGrid:None EditorOnly:0 RuntimeOnly:0 HLODRelevant:1
 |   |   |- [+] [ 10]
 |   |   |   |- Guid:2B0E45F448291DB284002BA53AC30D99 BaseClass: NativeClass:/Script/Landscape.LandscapeStreamingProxy Name:LandscapeStreamingProxy_1US3J85422270CX6Z2NLZ04QG_62_1_2_0 Label:LandscapeStreamingProxy_1_2_0 SpatiallyLoaded:1 Bounds:IsValid=true, Min=(X=-3100.000 Y=3100.000 Z=2986.250), Max=(X=3100.000 Y=9300.000 Z=5308.125) RuntimeGrid:None EditorOnly:0 RuntimeOnly:0 HLODRelevant:1
 |   |   |- [+] [ 11]
 |   |   |   |- Guid:EF3BF5554BAD39A7BAE99A8A3D15B997 BaseClass: NativeClass:/Script/Landscape.LandscapeStreamingProxy Name:LandscapeStreamingProxy_1US3J85422270CX6Z2NLZ04QG_62_2_0_0 Label:LandscapeStreamingProxy_2_0_0 SpatiallyLoaded:1 Bounds:IsValid=true, Min=(X=3100.000 Y=-9300.000 Z=2543.281), Max=(X=9300.000 Y=-3100.000 Z=4355.781) RuntimeGrid:None EditorOnly:0 RuntimeOnly:0 HLODRelevant:1
 |   |   |- [+] [ 12]
 |   |   |   |- Guid:B785ED2844B84CFB91E7F39FE661CD99 BaseClass: NativeClass:/Script/Engine.DirectionalLight Name:DirectionalLight_0 Label:DirectionalLight SpatiallyLoaded:0 Bounds:IsValid=true, Min=(X=-1048576.000 Y=-1048576.000 Z=-1048576.000), Max=(X=1048576.000 Y=1048576.000 Z=1048576.000) RuntimeGrid:None EditorOnly:0 RuntimeOnly:0 HLODRelevant:0 FolderPath:Lighting FolderGuid:963EC3EB4002CCE9759E2EBA541A873A
 |   |   |- [+] [ 13]
 |   |   |   |- Guid:A1FBC1DB499106A97F367EA00C7EA6FF BaseClass: NativeClass:/Script/Engine.StaticMeshActor Name:StaticMeshActor_UAID_D8BBC14CC4FEE2A701_1784102287 Label:Cube SpatiallyLoaded:1 Bounds:IsValid=true, Min=(X=-7582.500 Y=-6917.500 Z=2977.500), Max=(X=-7157.500 Y=-5742.500 Z=3502.500) RuntimeGrid:None EditorOnly:0 RuntimeOnly:0 HLODRelevant:1
 |   |   |- [+] [ 14]
 |   |   |   |- Guid:316CF2A6494ACA4C0E4180A87D36AB8F BaseClass: NativeClass:/Script/Engine.ExponentialHeightFog Name:ExponentialHeightFog_0 Label:ExponentialHeightFog SpatiallyLoaded:0 Bounds:IsValid=true, Min=(X=-5600.000 Y=-50.000 Z=-6850.000), Max=(X=-5600.000 Y=-50.000 Z=-6850.000) RuntimeGrid:None EditorOnly:0 RuntimeOnly:0 HLODRelevant:0 FolderPath:Lighting FolderGuid:963EC3EB4002CCE9759E2EBA541A873A
 |   |   |- [+] [ 15]
 |   |   |   |- Guid:9F85502B4DC7C17779861D951ACAFA59 BaseClass: NativeClass:/Script/Engine.StaticMeshActor Name:StaticMeshActor_UAID_D8BBC14CC4FEE3A701_1084037467 Label:Cube5 SpatiallyLoaded:1 Bounds:IsValid=true, Min=(X=2547.500 Y=-8242.500 Z=2807.500), Max=(X=2872.500 Y=-7917.500 Z=3132.500) RuntimeGrid:None EditorOnly:0 RuntimeOnly:0 HLODRelevant:1
 |   |   |- [+] [ 16]
 |   |   |   |- Guid:B97E9823432777B038C4E89B2DFFCF43 BaseClass: NativeClass:/Script/Landscape.LandscapeStreamingProxy Name:LandscapeStreamingProxy_1US3J85422270CX6Z2NLZ04QG_62_2_1_0 Label:LandscapeStreamingProxy_2_1_0 SpatiallyLoaded:1 Bounds:IsValid=true, Min=(X=3100.000 Y=-3100.000 Z=785.469), Max=(X=9300.000 Y=3100.000 Z=3705.781) RuntimeGrid:None EditorOnly:0 RuntimeOnly:0 HLODRelevant:1
 |   |   |- [+] [ 17]
 |   |   |   |- Guid:F1924B8D48954B30891B2DB6A694F9CC BaseClass: NativeClass:/Script/Engine.StaticMeshActor Name:StaticMeshActor_1 Label:SM_Cube SpatiallyLoaded:1 Bounds:IsValid=true, Min=(X=0.000 Y=0.000 Z=-50.000), Max=(X=3000.000 Y=3500.000 Z=0.000) RuntimeGrid:None EditorOnly:0 RuntimeOnly:0 HLODRelevant:1 FolderPath:Playground FolderGuid:C73F09FC4215536B1DCE2A9E0A830C70
 |   |   |- [+] [ 18]
 |   |   |   |- Guid:260657E247D5DBFD26E0DA8CE2B0A477 BaseClass: NativeClass:/Script/Engine.StaticMeshActor Name:StaticMeshActor_UAID_D8BBC14CC4FEE2A701_2106326288 Label:Cube2 SpatiallyLoaded:1 Bounds:IsValid=true, Min=(X=6357.500 Y=-8452.500 Z=2637.500), Max=(X=6682.500 Y=-8127.500 Z=2962.500) RuntimeGrid:None EditorOnly:0 RuntimeOnly:0 HLODRelevant:1
 |   |   |- [+] [ 19]
 |   |   |   |- Guid:9A9CE2DF4F67F4E496C27FB1FD4898EF BaseClass: NativeClass:/Script/Landscape.LandscapeStreamingProxy Name:LandscapeStreamingProxy_1US3J85422270CX6Z2NLZ04QG_62_0_2_0 Label:LandscapeStreamingProxy_0_2_0 SpatiallyLoaded:1 Bounds:IsValid=true, Min=(X=-9300.000 Y=3100.000 Z=2262.812), Max=(X=-3100.000 Y=9300.000 Z=5308.906) RuntimeGrid:None EditorOnly:0 RuntimeOnly:0 HLODRelevant:1
 |   |   |- [+] [ 20]
 |   |   |   |- Guid:2FB58999456391D349DC0F86DAC136ED BaseClass: NativeClass:/Script/Engine.SkyLight Name:SkyLight_1 Label:SkyLight SpatiallyLoaded:0 Bounds:IsValid=true, Min=(X=0.000 Y=0.000 Z=690.000), Max=(X=0.000 Y=0.000 Z=690.000) RuntimeGrid:None EditorOnly:0 RuntimeOnly:0 HLODRelevant:0 FolderPath:Lighting FolderGuid:963EC3EB4002CCE9759E2EBA541A873A
 |   |   |- [+] [ 21]
 |   |   |   |- Guid:B868BABD486A53D9AF37B5A9EC766B7F BaseClass: NativeClass:/Script/Landscape.LandscapeStreamingProxy Name:LandscapeStreamingProxy_1US3J85422270CX6Z2NLZ04QG_62_2_2_0 Label:LandscapeStreamingProxy_2_2_0 SpatiallyLoaded:1 Bounds:IsValid=true, Min=(X=3100.000 Y=3100.000 Z=2200.312), Max=(X=9300.000 Y=9300.000 Z=5516.719) RuntimeGrid:None EditorOnly:0 RuntimeOnly:0 HLODRelevant:1
 |   |   |- [+] [ 22]
 |   |   |   |- Guid:90D67E534342F402E6A1D593FD18C30E BaseClass: NativeClass:/Script/Engine.StaticMeshActor Name:StaticMeshActor_UAID_D8BBC14CC4FEE3A701_1154822469 Label:Cube7 SpatiallyLoaded:1 Bounds:IsValid=true, Min=(X=5872.500 Y=60.308 Z=2673.699), Max=(X=6547.500 Y=2539.692 Z=3206.301) RuntimeGrid:None EditorOnly:0 RuntimeOnly:0 HLODRelevant:1
 |   |   |- [+] [ 23]
 |   |   |   |- Guid:2C4707B7407772DC3009CFAEC3871E2C BaseClass: NativeClass:/Script/Engine.StaticMeshActor Name:StaticMeshActor_UAID_D8BBC14CC4FEE2A701_2141387290 Label:Cube4 SpatiallyLoaded:1 Bounds:IsValid=true, Min=(X=7477.500 Y=-3402.500 Z=2807.500), Max=(X=7802.500 Y=-3077.500 Z=3132.500) RuntimeGrid:None EditorOnly:0 RuntimeOnly:0 HLODRelevant:1
 |   |   |- [+] [ 24]
 |   |   |   |- Guid:43DD1A55437D7EB05F98F09CC1A74C8E BaseClass: NativeClass:/Script/Engine.StaticMeshActor Name:StaticMeshActor_UAID_D8BBC14CC4FEE2A701_2124809289 Label:Cube3 SpatiallyLoaded:1 Bounds:IsValid=true, Min=(X=3237.500 Y=-3512.500 Z=3127.500), Max=(X=3562.500 Y=-3187.500 Z=3452.500) RuntimeGrid:None EditorOnly:0 RuntimeOnly:0 HLODRelevant:1
 |   |   |- [+] [ 25]
 |   |   |   |- Guid:5D0988E4467A94AC868B1AAB65D70679 BaseClass: NativeClass:/Script/Engine.StaticMeshActor Name:StaticMeshActor_UAID_D8BBC14CC4FEE3A701_1099175468 Label:Cube6 SpatiallyLoaded:1 Bounds:IsValid=true, Min=(X=7087.500 Y=7207.500 Z=3847.500), Max=(X=7412.500 Y=7532.500 Z=4172.500) RuntimeGrid:None EditorOnly:0 RuntimeOnly:0 HLODRelevant:1
 |   |   |- [+] [ 26]
 |   |   |   |- Guid:3A00AA1C422CE54C0BDB60BAF471BFBB BaseClass: NativeClass:/Script/Engine.PlayerStart Name:PlayerStart_0 Label:PlayerStart SpatiallyLoaded:0 Bounds:IsValid=true, Min=(X=4000.000 Y=3650.000 Z=3970.013), Max=(X=4080.000 Y=3730.000 Z=4154.013) RuntimeGrid:None EditorOnly:0 RuntimeOnly:0 HLODRelevant:0
 |   |   |- [+] [ 27]
 |   |   |   |- Guid:D84FFBB34C76CC8BE8A0D18931FC91C8 BaseClass: NativeClass:/Script/Landscape.LandscapeStreamingProxy Name:LandscapeStreamingProxy_1US3J85422270CX6Z2NLZ04QG_62_0_0_0 Label:LandscapeStreamingProxy_0_0_0 SpatiallyLoaded:1 Bounds:IsValid=true, Min=(X=-9300.000 Y=-9300.000 Z=2119.844), Max=(X=-3100.000 Y=-3100.000 Z=3611.250) RuntimeGrid:None EditorOnly:0 RuntimeOnly:0 HLODRelevant:1
 |   |   |- [+] [ 28]
 |   |   |   |- Guid:9FE6C54C411141A4D4E00491FB45EBEB BaseClass: NativeClass:/Script/Engine.StaticMeshActor Name:StaticMeshActor_UAID_E4B97A0AAE5AECA701_1410280047 Label:Cube9 SpatiallyLoaded:1 Bounds:IsValid=true, Min=(X=5330.000 Y=-6965.000 Z=2927.500), Max=(X=5530.000 Y=-6815.000 Z=2952.500) RuntimeGrid:None EditorOnly:0 RuntimeOnly:0 HLODRelevant:1
 |   |   |- [+] [ 29]
 |   |   |   |- Guid:F77A6D2E4CC4DF9C648D05BA1EB975DD BaseClass: NativeClass:/Script/Engine.StaticMeshActor Name:StaticMeshActor_UAID_E4B97A0AAE5AEDA701_1929914227 Label:Cube10 SpatiallyLoaded:1 Bounds:IsValid=true, Min=(X=5330.000 Y=-7145.000 Z=2977.500), Max=(X=5530.000 Y=-6995.000 Z=3002.500) RuntimeGrid:None EditorOnly:0 RuntimeOnly:0 HLODRelevant:1
 |   |   |- [+] [ 30]
 |   |   |   |- Guid:FDC67FED42D76ECB9CC5B4B9B1A85E71 BaseClass: NativeClass:/Script/Engine.StaticMeshActor Name:StaticMeshActor_UAID_E4B97A0AAE5AEDA701_1944160228 Label:Cube11 SpatiallyLoaded:1 Bounds:IsValid=true, Min=(X=4960.000 Y=-7145.000 Z=2977.500), Max=(X=5160.000 Y=-6995.000 Z=3002.500) RuntimeGrid:None EditorOnly:0 RuntimeOnly:0 HLODRelevant:1
 |   |   |- [+] [ 31]
 |   |   |   |- Guid:25FE59BE48C5585D5B07D9A1C52EB330 BaseClass: NativeClass:/Script/Engine.StaticMeshActor Name:StaticMeshActor_UAID_E4B97A0AAE5AEDA701_1951039229 Label:Cube12 SpatiallyLoaded:1 Bounds:IsValid=true, Min=(X=4630.000 Y=-7145.000 Z=3007.500), Max=(X=4830.000 Y=-6995.000 Z=3032.500) RuntimeGrid:None EditorOnly:0 RuntimeOnly:0 HLODRelevant:1
 |   |   |- [+] [ 32]
 |   |   |   |- Guid:F55A38AA46A38C37453CDAA2C91D3B78 BaseClass: NativeClass:/Script/Engine.StaticMeshActor Name:StaticMeshActor_UAID_E4B97A0AAE5AEDA701_2090117230 Label:Cube13 SpatiallyLoaded:1 Bounds:IsValid=true, Min=(X=4380.000 Y=-7145.000 Z=3057.500), Max=(X=4580.000 Y=-6995.000 Z=3082.500) RuntimeGrid:None EditorOnly:0 RuntimeOnly:0 HLODRelevant:1
 |   |   |- [+] [ 33]
 |   |   |   |- Guid:5D71A987465BD15F77F73D84216E350E BaseClass: NativeClass:/Script/Engine.StaticMeshActor Name:StaticMeshActor_UAID_E4B97A0AAE5AEDA701_2096923231 Label:Cube14 SpatiallyLoaded:1 Bounds:IsValid=true, Min=(X=4397.500 Y=-7095.000 Z=3157.500), Max=(X=4422.500 Y=-7045.000 Z=3182.500) RuntimeGrid:None EditorOnly:0 RuntimeOnly:0 HLODRelevant:1
 |   |   |- [+] [ 34]
 |   |   |   |- Guid:899BC6004A8E690BDF8C269404CC4B34 BaseClass: NativeClass:/Script/Engine.StaticMeshActor Name:StaticMeshActor_UAID_E4B97A0AAE5AEFA701_1238925584 Label:Cube15 SpatiallyLoaded:1 Bounds:IsValid=true, Min=(X=4002.500 Y=3092.500 Z=3647.500), Max=(X=4077.500 Y=3167.500 Z=3672.500) RuntimeGrid:None EditorOnly:0 RuntimeOnly:0 HLODRelevant:1
 |   |   |- [+] [ 35]
 |   |   |   |- Guid:57135391406D9763B4BD8EA9D8FE729B BaseClass: NativeClass:/Script/Engine.StaticMeshActor Name:StaticMeshActor_UAID_E4B97A0AAE5AEFA701_1279796585 Label:Cube16 SpatiallyLoaded:1 Bounds:IsValid=true, Min=(X=4002.500 Y=3202.500 Z=3637.500), Max=(X=4077.500 Y=3277.500 Z=3662.500) RuntimeGrid:None EditorOnly:0 RuntimeOnly:0 HLODRelevant:1
 |   |   |- [+] [ 36]
 |   |   |   |- Guid:461B561F4F14F701266EF98F7DD30C37 BaseClass: NativeClass:/Script/Engine.StaticMeshActor Name:StaticMeshActor_UAID_E4B97A0AAE5AEFA701_1323120586 Label:Cube17 SpatiallyLoaded:1 Bounds:IsValid=true, Min=(X=4002.500 Y=2747.500 Z=3647.500), Max=(X=4077.500 Y=3072.500 Z=3672.500) RuntimeGrid:None EditorOnly:0 RuntimeOnly:0 HLODRelevant:1
 |   |   |- [+] [ 37]
 |   |   |   |- Guid:37AC544046B84930345B4FA2E81B291D BaseClass: NativeClass:/Script/Engine.StaticMeshActor Name:StaticMeshActor_UAID_E4B97A0AAE5AEFA701_1351208587 Label:Cube18 SpatiallyLoaded:1 Bounds:IsValid=true, Min=(X=4002.500 Y=2632.500 Z=3687.500), Max=(X=4077.500 Y=2707.500 Z=3712.500) RuntimeGrid:None EditorOnly:0 RuntimeOnly:0 HLODRelevant:1
 |   |   |- [+] [ 38]
 |   |   |   |- Guid:98684C2B41F62A06E3706BBEA725459E BaseClass: NativeClass:/Script/Engine.StaticMeshActor Name:StaticMeshActor_UAID_E4B97A0AAE5AEFA701_1361663588 Label:Cube19 SpatiallyLoaded:1 Bounds:IsValid=true, Min=(X=4002.500 Y=2267.500 Z=3707.500), Max=(X=4077.500 Y=2592.500 Z=3732.500) RuntimeGrid:None EditorOnly:0 RuntimeOnly:0 HLODRelevant:1
 |   |   |- [+] [ 39]
 |   |   |   |- Guid:127817E84BB355CCB5B8C082214BAACB BaseClass: NativeClass:/Script/Engine.StaticMeshActor Name:StaticMeshActor_UAID_E4B97A0AAE5AEFA701_1518549589 Label:Cube20 SpatiallyLoaded:1 Bounds:IsValid=true, Min=(X=3713.457 Y=2104.852 Z=3707.500), Max=(X=4046.543 Y=2235.148 Z=3732.500) RuntimeGrid:None EditorOnly:0 RuntimeOnly:0 HLODRelevant:1
 |- ContainerInstances:
 |- [+] MainContainer:
 |   |-        ID: 0x0000000000000000
 |   |-    Bounds: IsValid=false, Min=(X=0.000 Y=0.000 Z=0.000), Max=(X=0.000 Y=0.000 Z=0.000)
 |   |- Transform: 0.000000,0.000000,0.000000|0.000000,0.000000,-0.000000|1.000000,1.000000,1.000000
 |   |- Container: /Game/ThirdPerson/Maps/ThirdPersonMap
----------------------------------------------------------------------------------------------------------------
ThirdPersonMap - Persistent Level
----------------------------------------------------------------------------------------------------------------
Always loaded Actor Count: 48 

----------------------------------------------------------------------------------------------------------------
ThirdPersonMap - Runtime Spatial Hash - Streaming Grid - MainGrid
----------------------------------------------------------------------------------------------------------------
            Origin: X=0.000 Y=0.000 Z=0.000
         Cell Size: 12800
      World Bounds: IsValid=false, Min=(X=0.000 Y=0.000 Z=0.000), Max=(X=0.000 Y=0.000 Z=0.000)
     Loading Range: 25600.00
Block Slow Loading: No
 ClientOnlyVisible: No

[+] Grid Levels: 1
 |- Level  0: Cell Count    0 | Cell Size   12800 | Actor Count    0 (0.0%)

[+] Content of Grid Level 0

